20231122	23:40:55	f7de15d4-722f-402e-9899-cfea099aa67d	GET	/hello	undefined
20231122	23:40:55	88d0edf2-ceba-4cab-8f14-9b238763048e	GET	/css/style.css	undefined
20231122	23:41:04	b40e6a93-da3d-4736-8dcf-e4549f5733a6	GET	/	undefined
20231122	23:41:04	2c709fec-3e19-48b6-af8e-4e527dea73b2	GET	/css/style.css	undefined
20231122	23:49:03	e7598824-d4b0-45e4-bea0-ec1bce9b8541	GET	/hello	undefined
20231122	23:49:35	27dff06b-3f36-4582-996b-99f0b187b065	GET	/css/style.css	undefined
20231122	23:50:53	880ec843-d94b-4de4-bc4b-336c955137de	GET	/	undefined
20231122	23:51:09	e4c55043-2c2c-43da-9a1d-5c5330f35a2d	GET	/	undefined
20231122	23:51:53	498fd8f5-49f6-4b61-857f-586877ffee21	GET	/	undefined
20231122	23:51:53	f359c1d2-3a86-45a4-afd4-9220d92da40c	GET	/css/style.css	undefined
20231122	23:51:57	24e66976-79d2-433c-8c4b-af0ec6d865d2	GET	/hello	undefined
20231122	23:51:57	c42ff80c-d4ed-409d-a18c-b3083bb06204	GET	/css/style.css	undefined
20231122	23:53:50	651674c2-2a1f-4333-bd27-228721a09097	GET	/	undefined
20231122	23:53:50	cbf3d67d-a37f-471b-b924-f839cd8e16d5	GET	/css/style.css	undefined
20231123	00:05:17	489f1f79-f302-4aa7-9a98-82655e69f504	OPTIONS	/	https://cdpn.io
20231123	00:05:17	4f4846e8-d1a8-4ead-9101-7d2d63429988	GET	/	https://cdpn.io
20231124	14:02:54	6f673f59-3b3c-40d7-b30e-ae4c5de4e1d8	GET	/users	undefined
20231124	14:12:15	b0afdd30-18c0-47a9-938b-0c7668cd8976	GET	/users	undefined
20231124	14:20:18	85a55fbc-5ef3-44db-9773-e234d7589268	GET	/users	undefined
20231124	14:22:27	dabc3af3-bf46-4707-808b-20398a69e69c	GET	/users	undefined
20231124	14:24:31	7f516730-2897-4adb-ba86-c50736b2febe	POST	/users	undefined
20231124	14:25:05	bfc6097d-2eaf-47e5-a185-3806c2281032	POST	/users	undefined
20231124	14:25:51	eb8b3619-8624-4b33-9ebe-e3de9dd728ba	POST	/users	undefined
20231124	14:26:03	ca62a6dd-2f8c-4ecd-b0f9-7644ec0f26dd	GET	/users	undefined
20231124	14:27:19	2fd2600a-fc1b-40b4-bf54-dc85bf59d860	POST	/users	undefined
20231124	14:27:32	27f17d0a-15eb-4537-b49d-5a67d27e6629	POST	/users	undefined
20231124	14:28:50	638c1fed-8acb-4d8f-8cde-c4a922fa89bd	POST	/users	undefined
20231124	14:30:01	9ec610bd-d8ea-47d9-983a-9f8bf47839aa	POST	/users	undefined
20231124	14:32:11	ba8e4998-d788-4116-b803-35bef9d5fe6e	POST	/users	undefined
20231124	14:36:48	a9546a5c-cf40-484f-b4c6-21ac980fce69	POST	/users	undefined
20231124	14:36:55	a3d3f466-a9d6-41bb-99dd-c2cd707c8cf1	GET	/users	undefined
20231124	14:41:25	95c25fce-e50b-4e73-b1dc-a3d6ced8ce6e	POST	/users	undefined
20231124	14:41:31	4dc8e5e1-b842-4555-897b-833242adcc72	POST	/users	undefined
20231124	14:41:44	f198cfe3-6867-40cf-80cd-3d7c5eba2dad	POST	/users	undefined
20231124	14:42:17	e033f605-4837-4d3e-bc2d-26bd0fdb8a3d	POST	/users	undefined
20231124	14:43:24	a6b3ff8c-fa73-4889-8a53-44760b8f6844	POST	/users	undefined
20231124	14:43:31	6c1dd3cf-7f91-4e16-b578-bf87721bddd8	POST	/users	undefined
20231124	14:43:42	817d08a9-cd11-4c69-92da-d9d6ac0c23ba	POST	/users	undefined
20231124	14:45:25	93199b07-8faa-4fca-9f27-4271e9980963	GET	/users	undefined
20231124	14:46:25	5ce02c79-01b5-41d7-a664-7da4707c1b0d	PATCH	/users	undefined
20231124	14:46:35	9d8ff484-590c-43a1-9d85-70aca9d7c1d4	PATCH	/users	undefined
20231124	14:46:46	3d24173d-c6ba-492b-8d0a-ca3ce4bdd88c	PATCH	/users	undefined
20231124	14:47:01	d703b50d-e86d-4342-8d7c-dd2745b05695	PATCH	/users	undefined
20231124	14:48:11	20fe6966-c409-4fce-9020-38698f080ff0	PATCH	/users	undefined
20231124	14:48:15	b195a992-94c4-4374-94fa-bced6954d775	PATCH	/users	undefined
20231124	14:48:22	04dc09e2-808e-44e1-b358-c7408509d25b	GET	/users	undefined
20231124	14:49:01	aea9893c-d2d0-4d5e-a0bf-782683152566	PATCH	/users	undefined
20231124	14:49:05	155dd7ad-9b5c-4737-a756-125b2c977d28	GET	/users	undefined
20231124	15:02:20	5d50e635-a6fc-4143-89d0-93ff195ae744	DELETE	/users	undefined
20231124	15:03:08	69a465c0-e009-4d1a-9980-08a11c41091d	DELETE	/users	undefined
20231124	15:03:17	2963aac1-89e7-45eb-8498-f6675b8ae4ac	GET	/users	undefined
20231124	15:04:19	74942d28-e506-41a8-85e2-a683f632fc31	POST	/users	undefined
20231124	15:04:23	7c2baf32-c8de-4140-993a-a20b68efb46d	GET	/users	undefined
20231124	15:05:07	adad4f8a-3311-435b-bb75-c0fdda7bbe2d	DELETE	/users	undefined
20231124	15:05:17	6d4b0ee7-cd32-4d31-a3d9-94939fc1bb99	GET	/users	undefined
20231124	15:28:08	82b0c45a-ff2f-4275-aac0-85f11b1fc6b9	GET	/users	undefined
20231124	15:29:46	2a7147c6-e19a-42c3-a7b9-e52ebad2abe8	DELETE	/users	undefined
20231124	15:32:04	f2c62b6b-a15f-486e-bda4-f73c07c35541	GET	/users	undefined
20231124	15:32:23	87ac1a9b-ac6a-4eb9-8488-6be2de4d590c	DELETE	/users	undefined
20231124	15:32:36	81561ddd-9065-4a4f-bef8-7a48233f01d4	DELETE	/users	undefined
20231124	17:47:50	e873a30d-6b8b-4336-946a-b6e18db4857a	GET	/users	undefined
20231124	17:48:02	8e72f9ca-a2b7-489a-9c44-86abc702a446	GET	/users/656098e096d6a436efa2b14b/tasks	undefined
20231124	17:48:16	8ccea638-c70b-4e2c-8fc9-8e50fbd758f6	GET	/users/656098e096d6a436efa2b144/tasks	undefined
20231126	20:36:02	30840b71-ef80-496a-b42a-0fb838395abe	GET	/users/656098e096d6a436efa2b144	undefined
20231126	20:36:06	eaa7c078-f19a-40e1-b263-eac4dee6efc9	GET	/users/	undefined
20231126	20:36:13	55d3f554-f0e2-463b-8af5-feb267fdacd2	GET	/users/656098e096d6a436efa2b14b	undefined
20231126	20:36:34	074ac24c-095e-4628-95a6-eaac76a16686	GET	/users/656098e096d6a436efa2b14b	undefined
20231126	20:36:39	454b3794-79fc-4af3-8415-41748b6ffc22	POST	/users/656098e096d6a436efa2b14b	undefined
20231126	20:36:49	4194ace5-89d4-4ddd-b1f3-8843523fb0f5	GET	/users/656098e096d6a436efa2b14b	undefined
20231126	20:49:42	2331a8fb-430c-4dd9-b052-5a98e4ea4c65	GET	/users/656098e096d6a436efa2b14b/groups	undefined
20231126	20:52:34	8e2b1680-1d01-4288-a01f-6f41ba868aeb	POST	/users/656098e096d6a436efa2b14b/groups	undefined
20231126	20:52:51	a86f7945-7b3b-44f0-8cfc-8bfbd70f451c	POST	/users/656098e096d6a436efa2b14b/	undefined
20231126	20:52:57	ec93301d-810b-4217-bd82-f9d134e851d0	GET	/users/656098e096d6a436efa2b14b/	undefined
20231126	20:53:05	82da11ed-43f7-4fdf-9832-aa5737a4e542	GET	/users/656098e096d6a436efa2b14b/groups	undefined
20231126	20:53:14	116a1c81-26a5-4525-9184-482a7cf3d52d	GET	/users/656098e096d6a436efa2b14b	undefined
20231126	20:53:18	a9762734-67af-48cc-a270-ae641a1796a9	GET	/users/	undefined
20231126	20:53:37	b00a01f4-564f-4ed9-88c9-234acfd0ed91	POST	/users/656098e096d6a436efa2b14b	undefined
20231126	20:59:46	2e5c2081-caba-47fc-bd2d-58a0c388b317	POST	/users/656098e096d6a436efa2b14b	undefined
20231126	20:59:57	3e538348-a251-486f-a3cd-78013f9d5484	GET	/users/656098e096d6a436efa2b14b/groups	undefined
20231126	21:08:41	f562d9b3-f15f-4c73-8bf9-0477ad2c73d2	GET	/users/656098e096d6a436efa2b14b/groups	undefined
20231126	21:14:07	8a91424f-e503-494f-b4b3-c1675df4983f	GET	/users/656098e096d6a436efa2b14b/	undefined
20231126	21:14:14	8761abf1-09fd-4c7a-a0fa-ac94f0a7d79f	GET	/users/656098e096d6a436efa2b14b/groups	undefined
20231126	21:14:20	2ea10395-d53e-41ce-a3b9-bf96e2230be0	DELETE	/users/656098e096d6a436efa2b14b/groups	undefined
20231126	21:15:14	bb8319dd-7f3a-4876-9455-41e892b89b42	DELETE	/users/656098e096d6a436efa2b14b/groups	undefined
20231126	21:15:20	1f0b4937-a61a-4034-a802-924b4b408ce8	GET	/users/656098e096d6a436efa2b14b/groups	undefined
20231126	21:15:30	de50696c-a330-4e2e-87cb-4b1b3c47f975	GET	/users/	undefined
20231126	21:17:47	312ed484-d245-4ad3-a4ca-9abfa4d503f6	GET	/users/	undefined
20231126	21:18:24	4a35045f-f124-4e71-95bf-2814972e4f61	DELETE	/users/	undefined
20231126	21:20:54	3a53cfdb-f6fc-4e37-a571-56a428ca4072	GET	/users/	undefined
20231126	21:21:49	3cab566b-1968-42c9-9d7d-d3e7c3a5ed08	POST	/users/	undefined
20231126	21:21:54	66b1b8eb-b1cc-406f-8238-77fd91bf50b7	GET	/users/	undefined
20231126	21:22:40	82b67b61-5ade-49d9-9f4f-6deb2e511115	POST	/users/	undefined
20231126	21:22:45	efaddc11-52ba-4ed3-9e46-3e292840feb9	GET	/users/	undefined
20231126	21:23:32	cf1226e5-8163-4be1-982a-e8c07f3502fb	DELETE	/users/	undefined
20231126	21:24:39	90f9ee25-6686-4582-8453-a438110e13e5	GET	/users/	undefined
20231126	21:24:43	5272fe84-3b34-44af-ad69-ea166b257332	POST	/users/	undefined
20231126	21:24:50	3b2cc3ec-5c7f-427d-b9b1-e6b73678ea1a	GET	/users/	undefined
20231126	21:25:09	273bce9e-b750-4036-82c4-e32f8fc5c666	DELETE	/users/	undefined
20231126	21:25:15	5253219f-7ef2-422c-bfae-4da4298ee8b5	GET	/users/	undefined
20231126	21:33:30	6b7e9e41-f373-4245-b693-77829476a113	GET	/65639acd0b6dee64d0192850/	undefined
20231126	21:35:07	b7864dea-712e-4254-8e15-30d85b387aed	GET	/users/	undefined
20231126	21:35:12	5ee91ca6-e0da-4dbd-967a-92c84ccc4f09	GET	/65639acd0b6dee64d0192850/	undefined
20231126	21:35:54	30acb32f-bcac-4562-979a-95063ac1c368	GET	/users/65639acd0b6dee64d0192850/	undefined
20231126	21:36:08	b20423b1-311d-458d-8a5c-759d8307644c	GET	/users/65639acd0b6dee64d0192850/groups	undefined
20231126	21:36:23	279eaa3f-9157-497f-ae70-f348648458c1	GET	/users/65639acd0b6dee64d0192850/65639acd0b6dee64d0192851	undefined
20231126	21:48:01	212db368-fd9c-45f2-93f5-93b457da0102	GET	/users/65639acd0b6dee64d0192850/65639acd0b6dee64d0192851	undefined
20231126	21:48:15	d986b599-bed8-4a57-888e-8e2551ae77af	POST	/users/65639acd0b6dee64d0192850/65639acd0b6dee64d0192851	undefined
20231126	21:48:24	3356f32b-f2be-4c5c-a465-1853f1e046b4	GET	/users/65639acd0b6dee64d0192850/65639acd0b6dee64d0192851	undefined
20231126	21:48:40	c8af4364-1020-47af-a61a-2524cecc1df8	GET	/users/65639acd0b6dee64d0192850/	undefined
20231126	21:48:46	36b810db-e2ab-4f5c-b6bb-9c3cfa68ca98	GET	/users/65639acd0b6dee64d0192850/groups	undefined
20231126	21:48:59	1d4290e8-1b29-412d-9dd0-8a5d26077c6e	GET	/users/	undefined
20231126	22:17:08	1e861950-3969-4d3e-a8b4-a9bd01510ce2	GET	/users/65639acd0b6dee64d0192850/65639acd0b6dee64d0192851	undefined
20231126	22:18:00	e64265c6-2a7f-4229-bdf4-9ba7b5b67c9a	DELETE	/users/65639acd0b6dee64d0192850/65639acd0b6dee64d0192851	undefined
20231126	22:19:21	da580869-c219-4017-b903-d91683e14411	GET	/users/65639acd0b6dee64d0192850/65639acd0b6dee64d0192851	undefined
20231126	22:19:36	17c42b70-af12-475d-9d7f-b6de402b3376	POST	/users/65639acd0b6dee64d0192850/65639acd0b6dee64d0192851	undefined
20231126	22:19:42	5fab133d-b05d-4b95-906e-6d6a11bff1fa	GET	/users/65639acd0b6dee64d0192850/65639acd0b6dee64d0192851	undefined
20231126	22:19:53	f2ade2d1-39c0-4cb3-8733-373a95562004	DELETE	/users/65639acd0b6dee64d0192850/65639acd0b6dee64d0192851	undefined
20231126	22:19:59	f1ca033d-ae07-4042-9c31-ee23d58ed4d1	GET	/users/65639acd0b6dee64d0192850/65639acd0b6dee64d0192851	undefined
20231126	22:20:39	8db6e973-3be4-4e95-989c-f4d802eaa822	POST	/users/65639acd0b6dee64d0192850/65639acd0b6dee64d0192851	undefined
20231126	22:20:43	a90b473c-5775-4c9a-8d60-3efdfdd3f078	GET	/users/65639acd0b6dee64d0192850/65639acd0b6dee64d0192851	undefined
20231126	22:39:34	3c77b498-f089-4bca-84b0-95afe33f7015	PATCH	/users/65639acd0b6dee64d0192850/65639acd0b6dee64d0192851/6563a8973a652b825ac018a9	undefined
20231126	22:43:02	7592d85f-29dc-488c-b13f-0e7f19d3418a	GET	/users/65639acd0b6dee64d0192850/65639acd0b6dee64d0192851/6563a8973a652b825ac018a9	undefined
20231126	22:43:13	1b254e60-d0d8-4b43-8fa0-a7efdc3f1b99	PATCH	/users/65639acd0b6dee64d0192850/65639acd0b6dee64d0192851/6563a8973a652b825ac018a9	undefined
20231126	22:43:22	4e9d49ec-a14a-4f22-8e7a-2f7baa0ef20f	GET	/users/65639acd0b6dee64d0192850/65639acd0b6dee64d0192851/6563a8973a652b825ac018a9	undefined
20231126	23:55:59	17787866-4e36-4aea-bcc4-1385e080b11a	GET	/users/	undefined
20231126	23:56:06	af7ce2c8-82ed-41c9-90ab-13d810ac7f9f	GET	/users/65639acd0b6dee64d0192850	undefined
20231126	23:58:21	337c0ad9-d258-47a2-9fa9-56118240455d	GET	/users/65639acd0b6dee64d0192850	undefined
20231126	23:58:57	87c55895-31d8-4ab7-83a6-8fee97b14665	GET	/users/65639acd0b6dee64d0192850	undefined
20231127	00:01:44	9a1bdce4-8cfd-4c77-b408-e05592c629e8	GET	/users/65639acd0b6dee64d0192850	undefined
20231127	01:26:20	0d1e107a-b265-418f-86fb-57a34fbcf9a3	GET	/	http://localhost:5173
20231127	01:26:21	2175a592-84e0-49f4-a3eb-26e055063bfb	GET	/	http://localhost:5173
20231127	01:26:23	8b21ecdb-d9ee-4c7c-9de9-7fb3396f500d	GET	/	http://localhost:5173
20231127	01:26:27	561492e4-599d-493c-b724-dbafc6b8cd53	GET	/	http://localhost:5173
20231127	01:27:53	d81add26-7e16-4f99-92e2-40a918a79c60	GET	/	http://localhost:5173
20231127	01:28:06	422f7d7c-744a-4c8b-9f99-8c15d946bb18	GET	/	http://localhost:5173
20231127	01:28:09	2373ef56-ade0-4503-926e-89c5c590a1c8	GET	/	http://localhost:5173
20231127	01:28:34	26302396-7a66-4ebb-b516-d9dfe1c1102b	GET	/	http://localhost:5173
20231127	01:28:57	19231291-9ea4-46bd-9c46-87193b968abb	GET	/	http://localhost:5173
20231127	01:29:00	8c66fe62-fa00-42c8-894a-29c32b0f0d4d	GET	/	http://localhost:5173
20231127	01:29:03	7e67d73e-10dc-4362-a48e-ae9a791946c1	GET	/	http://localhost:5173
20231127	01:29:03	b9d22a46-22e5-46b0-8dde-09e62da7bca0	GET	/	http://localhost:5173
20231127	01:29:52	062bbecf-cb77-415c-83f7-e7cc412bf949	GET	/	http://localhost:5173
20231127	01:29:53	9679965b-1afb-4122-ae8d-6b33145a32e0	GET	/	http://localhost:5173
20231127	01:29:55	a96471ac-7e1e-450d-948e-3e1a9ed1e482	GET	/	http://localhost:5173
20231127	01:29:59	2cf70749-87c9-4cc9-b1da-71865d9315c6	GET	/	http://localhost:5173
20231127	01:33:56	b6306f9d-8d9e-4124-b921-db4f1a92c197	GET	/	http://localhost:5173
20231127	01:33:57	70b1b93b-7166-41e1-a37a-c05aa0491f5f	GET	/	http://localhost:5173
20231127	01:33:59	c1752899-67d2-427f-9065-b3f5f8998d7d	GET	/	http://localhost:5173
20231127	01:34:03	058d8e98-c641-4d68-9734-f3fa79a08ddb	GET	/	http://localhost:5173
20231127	01:34:06	f616a812-e51c-4d97-8656-bac17915b72c	GET	/	http://localhost:5173
20231127	01:34:07	159aed65-a334-427f-9f7f-abd9a7beac1f	GET	/	http://localhost:5173
20231127	01:34:09	76f820b2-63f4-4a0c-95df-5fe7cc4c6633	GET	/	http://localhost:5173
20231127	01:34:13	8e3920cb-5245-4c73-9d75-4d0a64c2db28	GET	/	http://localhost:5173
20231127	01:35:59	66c1777b-3236-41ef-b2c3-18420db9a654	GET	/	http://localhost:5173
20231127	01:37:13	2402537f-c937-4bd8-b277-cbfba32f4cc4	GET	/	http://localhost:5173
20231127	01:37:15	ade2b84e-a82b-4555-b6b8-e8f81d87bb8a	GET	/	http://localhost:5173
20231127	01:37:17	0763d06d-952c-4ba6-a91d-e576ec30129b	GET	/users/	http://localhost:5173
20231127	01:37:39	0e5b3de3-a29c-4152-9edd-d1323e759687	GET	/users/	http://localhost:5173
20231127	01:37:43	99384daa-5d2e-445c-b860-a3c96618f619	GET	/users/users/	http://localhost:5173
20231127	16:22:52	1ba09aa7-fb6b-43cb-be94-747f76d8ed45	GET	/users/users/6563d5c027a1129e748d4767/tasks	http://localhost:5173
20231127	16:23:20	8e7842de-9127-4b44-ae4a-36a09749641e	GET	/users/users/6563d5c027a1129e748d4767/tasks	http://localhost:5173
20231127	16:24:10	c997c4f5-3dae-4d2a-871a-4ac4f9662d13	GET	/users/users/6563d5c027a1129e748d4767/tasks	http://localhost:5173
20231127	16:28:03	bcea3eeb-8285-437b-b715-4532b27379a1	GET	/users/users/6563d5c027a1129e748d4767/tasks	http://localhost:5173
20231127	16:28:39	93adcce9-1253-48e4-a243-9c0b233c1bd7	GET	/users/users/6563d5c027a1129e748d4767/tasks	http://localhost:5173
20231127	16:30:39	d228be4b-71d1-4668-b871-d8a6bb6d89d1	GET	/users/6563d5c027a1129e748d4767/tasks	http://localhost:5173
20231127	16:30:42	9f070c68-61c2-47cc-a39d-a27bd785cc7b	GET	/users/6563d5c027a1129e748d4767/tasks	http://localhost:5173
20231127	16:30:43	0b73d232-12b2-4340-974f-751ae90c4c1d	GET	/users/6563d5c027a1129e748d4767/tasks	http://localhost:5173
20231127	16:30:45	7f903a00-8694-4c23-b86d-e2bfc61b9dae	GET	/users/6563d5c027a1129e748d4767/tasks	http://localhost:5173
20231127	16:30:50	872d8193-995a-4e2d-960a-719528b99776	GET	/users/6563d5c027a1129e748d4767/tasks	http://localhost:5173
20231127	16:31:06	38ee5e8a-508f-4e87-a4b2-ee19db94ca23	GET	/users/6563d5c027a1129e748d4767/tasks	http://localhost:5173
20231127	16:31:07	e0b41ee2-33e1-4858-9d09-07e8d1486be7	GET	/users/6563d5c027a1129e748d4767/tasks	http://localhost:5173
20231127	16:31:09	b084801c-b1e2-4c0f-9e24-0b9292b9672a	GET	/users/6563d5c027a1129e748d4767/tasks	http://localhost:5173
20231127	16:31:12	219d1dcd-4940-49e5-968f-f8016e93710d	GET	/users/	http://localhost:5173
20231127	16:31:40	0cc670be-74a8-46b7-881e-5884c2b1c68e	GET	/users/6563d5c027a1129e748d4767	undefined
20231127	16:32:01	7ab94fc6-e132-4b40-bd58-fd02850d69b4	GET	/users/	http://localhost:5173
20231127	16:32:04	b1b2ea81-c403-4bef-a5a9-1fa100fb8dee	GET	/users/6563d5c027a1129e748d4767	http://localhost:5173
20231127	16:32:05	8ecdc7d1-3af8-4116-8cdb-662bdd55eaa4	GET	/users/6563d5c027a1129e748d4767	http://localhost:5173
20231127	16:32:07	97bd411f-b17f-42c8-bec4-7a6691fe2bb7	GET	/users/6563d5c027a1129e748d4767	http://localhost:5173
20231127	16:32:11	988c0aaf-988b-476c-b53c-63ebca5ba529	GET	/users/6563d5c027a1129e748d4767	http://localhost:5173
20231127	16:32:28	ec99ab75-f7da-4120-8045-853d5f661dc0	GET	/users/6563d5c027a1129e748d4767	http://localhost:5173
20231127	16:32:29	76f9edf4-b23a-43da-bd37-3d8cbb8da381	GET	/users/6563d5c027a1129e748d4767	http://localhost:5173
20231127	16:32:31	d50125cc-6f97-41e8-930e-ff4a12622b94	GET	/users/6563d5c027a1129e748d4767	http://localhost:5173
20231127	16:32:32	b222bb3f-4543-4513-b0eb-10fb2ed381e0	GET	/users/65639acd0b6dee64d0192850	http://localhost:5173
20231127	16:32:44	dfbc428b-138a-4cd6-8498-723beb11600c	GET	/users/65639acd0b6dee64d0192850	http://localhost:5173
20231127	16:32:46	f347c76f-e15b-4a7d-9db7-9e20060c6b93	GET	/users/65639acd0b6dee64d0192850/tasks	http://localhost:5173
20231127	16:33:08	f06997ec-3816-438b-af37-f09d67c3b362	GET	/users/65639acd0b6dee64d0192850/tasks	http://localhost:5173
20231127	16:33:10	0f6bae67-cc62-44b2-9d59-2c9fd532a911	GET	/users/65639acd0b6dee64d0192850/tasks	http://localhost:5173
20231127	16:33:18	c5b95e20-e093-4ce1-9fce-bcd7a4d20f8c	GET	/users/65639acd0b6dee64d0192850/tasks	http://localhost:5173
20231127	16:33:20	938b4d40-c2af-4243-9126-a53136797b9d	GET	/users/65639acd0b6dee64d0192850/tasks	http://localhost:5173
20231127	16:33:38	d87d2e5a-0c89-4cbd-9f14-cbbc7d22e80d	GET	/users/65639acd0b6dee64d0192850/tasks	http://localhost:5173
20231127	16:41:09	d639085c-a28c-4e64-945a-84c874982ecc	GET	/users/65639acd0b6dee64d0192850/tasks	http://localhost:5173
20231127	16:42:17	8b982545-fd73-49da-90e5-600377c951a8	GET	/users/65639acd0b6dee64d0192850/tasks	http://localhost:5173
20231127	16:42:19	d4193497-7bd0-48c6-96f3-83788e19acc2	GET	/users/65639acd0b6dee64d0192850/tasks	http://localhost:5173
20231127	16:45:07	e1ca6204-dc2e-499b-8d98-a22dee64a8be	GET	/users/65639acd0b6dee64d0192850/tasks	http://localhost:5173
20231127	16:46:04	65b5e828-79b0-4004-b92e-ad2dc914f195	GET	/users/65639acd0b6dee64d0192850/tasks	http://localhost:5173
20231127	16:46:06	1c756e60-8b53-438e-b2b9-73fd6accc8a7	GET	/users/65639acd0b6dee64d0192850/tasks	http://localhost:5173
20231127	16:46:47	9ea9bf49-4f98-4e01-81d8-6dcaedbd905e	GET	/users/65639acd0b6dee64d0192850/tasks	http://localhost:5173
20231127	16:47:00	ac87c230-6d06-46f4-8164-e598516b8533	GET	/users/65639acd0b6dee64d0192850/tasks	http://localhost:5173
20231127	16:49:14	c9456a4f-0f84-42ee-a9c0-fe812ee7a5cd	GET	/users/65639acd0b6dee64d0192850/tasks	http://localhost:5173
20231127	16:49:21	e916c4e7-cb03-4043-8738-bd9162ee5f18	GET	/users/65639acd0b6dee64d0192850/tasks	http://localhost:5173
20231127	16:49:29	47a68cb4-228c-474b-ae79-d655a03cbfee	GET	/users/65639acd0b6dee64d0192850/tasks	http://localhost:5173
20231127	16:57:28	01fd023e-a228-4fdf-87ae-33400dad6716	GET	/users/65639acd0b6dee64d0192850/tasks	http://localhost:5173
20231127	16:58:59	11482627-c8a7-4e53-9ec9-f7009e3a0b79	GET	/users/65639acd0b6dee64d0192850/tasks	http://localhost:5173
20231127	16:59:27	7d591600-db03-4a62-b6d7-7b5ef8795cd6	GET	/users/65639acd0b6dee64d0192850/tasks	http://localhost:5173
20231127	17:01:51	639d7069-efa8-468c-bcbd-45e8a9a85c15	GET	/users/65639acd0b6dee64d0192850/tasks	http://localhost:5173
20231127	17:05:44	305cea4d-91d1-45ab-982e-84c5ae90e285	GET	/users/65639acd0b6dee64d0192850/tasks	http://localhost:5173
20231127	18:34:21	26305e13-5eb0-477f-81d9-1c701d42c056	GET	/users/65639acd0b6dee64d0192850/tasks	http://localhost:5173
20231127	18:45:51	b7c37988-366f-48be-8eac-3ac63bb4fe4c	GET	/users/65639acd0b6dee64d0192850/tasks	http://localhost:5173
20231127	18:46:34	c95950f1-68a7-4a74-96c4-5a8a13950a62	GET	/users/65639acd0b6dee64d0192850/tasks	http://localhost:5173
20231127	18:46:38	a8cf1dda-26f8-445b-be18-c537b6cfbc4f	GET	/users/65639acd0b6dee64d0192850/groups/65639acd0b6dee64d0192851	http://localhost:5173
20231127	18:46:39	d8219b9d-cf99-4b84-bb9d-d6ec2459c5ca	GET	/users/65639acd0b6dee64d0192850/groups/65639acd0b6dee64d0192851	http://localhost:5173
20231127	18:46:41	83aa856f-dcad-4d42-a9d9-167de1039c71	GET	/users/65639acd0b6dee64d0192850/groups/65639acd0b6dee64d0192851	http://localhost:5173
20231127	18:46:45	389f1684-9175-498b-9bbc-8d52068f55a4	GET	/users/65639acd0b6dee64d0192850/groups/65639acd0b6dee64d0192851	http://localhost:5173
20231127	18:47:33	83f169a3-1f8b-4a13-88ed-1e4869e555c2	GET	/users/6563d5c027a1129e748d4767	undefined
20231127	18:47:36	e5fdca28-f6f5-49c5-b188-a687661ecc85	GET	/users/	undefined
20231127	18:47:40	2e90a483-b375-469c-8d1d-2d0110b9926d	GET	/users/65639acd0b6dee64d0192850	undefined
20231127	18:47:45	a7a7c648-977b-43a6-becf-a775e23d3e3c	GET	/users/	undefined
20231127	18:48:13	81954438-22c8-4aa0-a09a-b2afdc9aabd4	GET	/users/65639acd0b6dee64d0192850/65639acd0b6dee64d0192851	undefined
20231127	18:50:26	64e11b9c-e574-40bf-8769-0e9e7401bba5	GET	/users/65639acd0b6dee64d0192850/groups/65639acd0b6dee64d0192851	http://localhost:5173
20231127	18:50:27	20ef252f-a6c7-41b5-ad76-261d3bd87cc5	GET	/users/65639acd0b6dee64d0192850/groups/65639acd0b6dee64d0192851	http://localhost:5173
20231127	18:50:29	30cdbf20-225a-40bc-8c8b-cbecf2c09c7d	GET	/users/65639acd0b6dee64d0192850/groups/65639acd0b6dee64d0192851	http://localhost:5173
20231127	18:50:33	d6e2c9af-bf26-464c-85df-da45cdbce13f	GET	/users/65639acd0b6dee64d0192850/tasks	http://localhost:5173
20231127	18:52:50	59e75802-7d99-467c-bebc-25dca438c0e9	GET	/users/65639acd0b6dee64d0192850undefined	http://localhost:5173
20231127	19:05:28	f49092ae-1683-4011-90f7-8c8837501a0a	GET	/users/65639acd0b6dee64d0192850	http://localhost:5173
20231127	19:06:25	5cea882b-07dc-4628-abd3-02be420255f9	GET	/users/65639acd0b6dee64d0192850	http://localhost:5173
20231127	19:06:27	dd70c6c7-fbca-4caf-b5dc-e13b60215a8d	GET	/users/65639acd0b6dee64d0192850	http://localhost:5173
20231127	19:07:12	94dbd3dc-59a4-4118-8a27-3d842ef34d82	GET	/users/	http://localhost:5173
20231127	19:07:46	9e81b37b-6ff3-44e8-8e4e-102416aa960a	GET	/users/65639acd0b6dee64d0192850/groups/65639acd0b6dee64d0192851	http://localhost:5173
20231127	19:07:47	ba69bb6e-1bad-4c33-b3a6-280795eb89d1	GET	/users/65639acd0b6dee64d0192850/groups/65639acd0b6dee64d0192851	http://localhost:5173
20231127	19:07:49	94a039b4-8c30-437f-99a0-d9ebb1fde592	GET	/users/65639acd0b6dee64d0192850/groups/65639acd0b6dee64d0192851	http://localhost:5173
20231127	19:07:53	0a79a534-7434-4e10-9ca5-eee950af7711	GET	/users/65639acd0b6dee64d0192850/groups/65639acd0b6dee64d0192851	http://localhost:5173
20231127	19:10:27	67befa6a-914f-43fe-86cd-bc86665ab146	GET	/users/65639acd0b6dee64d0192850/groups/65639acd0b6dee64d0192851	http://localhost:5173
20231127	19:10:27	ebdf2d74-560f-4b5b-afa3-93eea7da89ec	GET	/users/65639acd0b6dee64d0192850/65639acd0b6dee64d0192851	http://localhost:5173
20231127	19:11:16	81ee7740-9090-4c1a-a89a-ddcedc36d8bf	GET	/users/65639acd0b6dee64d0192850/65639acd0b6dee64d0192851	http://localhost:5173
20231127	19:13:05	41c48bf7-eb1a-45b8-8bc6-198d927ea8eb	GET	/users/65639acd0b6dee64d0192850groups/	http://localhost:5173
20231127	19:14:47	0c1f4a0d-1f5a-4017-addb-459d0fc034cd	GET	/users/65639acd0b6dee64d0192850groups/	http://localhost:5173
20231127	19:15:31	9bec92e9-af4a-4dd6-85a9-50543bcb7a79	GET	/users/65639acd0b6dee64d0192850/groups	undefined
20231127	19:16:38	3ab79acf-ea46-4ee5-98ad-f1dbf1d78aa9	GET	/users/65639acd0b6dee64d0192850/groups/	http://localhost:5173
20231127	19:16:51	486a4a06-7048-4854-bb15-cb705e5e0691	GET	/users/65639acd0b6dee64d0192850/groups/	http://localhost:5173
20231127	19:17:21	1ad5523b-80bc-4b92-926a-81501857f250	GET	/users/65639acd0b6dee64d0192850/groups/	http://localhost:5173
20231127	19:17:47	f1e432ec-b36c-4f36-bcf7-89becf5a1f03	GET	/users/65639acd0b6dee64d0192850/groups/	http://localhost:5173
20231127	19:19:24	c2a6a607-d280-4b60-af87-ab870910f7bd	GET	/users/65639acd0b6dee64d0192850/groups/	http://localhost:5173
20231127	19:22:09	4bb994e3-e8a6-4f9b-b031-74852d6c4c7f	GET	/users/65639acd0b6dee64d0192850/groups/	http://localhost:5173
20231127	19:22:19	afbadde3-a5e7-44b1-a0bd-e44c175025db	GET	/users/65639acd0b6dee64d0192850/tasks	http://localhost:5173
20231127	19:29:55	14cfbd2c-843b-49ca-9782-329dd21a257b	GET	/users/65639acd0b6dee64d0192850	http://localhost:5173
20231127	19:29:55	a788155a-2f5a-40b0-8ba8-ac2637b1b6ff	GET	/users/65639acd0b6dee64d0192850/tasks	http://localhost:5173
20231127	19:30:19	cda1d069-3ec8-4903-8bee-4494cffb5ea3	GET	/users/65639acd0b6dee64d0192850	http://localhost:5173
20231127	19:30:19	b863c5a0-2fe1-4dbb-bf26-cf90698c6150	GET	/users/65639acd0b6dee64d0192850/groups/	http://localhost:5173
20231127	19:32:20	ea583a68-ecc8-4c58-a0e6-cca8ec423312	GET	/users/65639acd0b6dee64d0192850	http://localhost:5173
20231127	19:32:20	77f53041-3fb7-42ca-bd32-675000a36f1b	GET	/users/65639acd0b6dee64d0192850/groups/	http://localhost:5173
20231127	19:32:21	fd144947-c8f7-46f8-b2cf-af98045ace48	GET	/users/65639acd0b6dee64d0192850	http://localhost:5173
20231127	19:33:15	fa6c2f88-c3d3-415a-b432-df32bdfbf8c8	GET	/users/65639acd0b6dee64d0192850	http://localhost:5173
20231127	19:33:15	db63cd38-525b-42e2-a13f-484faf0ec06d	GET	/users/65639acd0b6dee64d0192850/groups/	http://localhost:5173
20231127	19:33:15	bc902a81-735c-447f-8667-8bfd4f3de687	GET	/users/65639acd0b6dee64d0192850	http://localhost:5173
20231127	19:34:37	78f58e3e-4645-431e-bdd3-2b4cac16bc7e	GET	/users/65639acd0b6dee64d0192850/groups/	http://localhost:5173
20231127	19:34:37	0c3f10cf-58ed-4f41-880b-923a190608a8	GET	/users/65639acd0b6dee64d0192850	http://localhost:5173
20231127	19:35:09	13acf11c-a62d-485c-bddf-5be83d14d4cc	GET	/users/65639acd0b6dee64d0192850	http://localhost:5173
20231127	19:35:09	352aea69-30d3-4009-a3ff-6be6752f4dbd	GET	/users/65639acd0b6dee64d0192850/groups/	http://localhost:5173
20231127	19:35:10	6933241e-5231-4f3b-b78d-8cebf0a03bc1	GET	/users/65639acd0b6dee64d0192850/tasks	http://localhost:5173
20231127	19:35:11	54a47333-9957-4d60-b4fe-318fcec61d9a	GET	/users/65639acd0b6dee64d0192850/groups/	http://localhost:5173
20231127	19:35:12	e1a1cad0-6a96-448c-8259-9d7f1655394a	GET	/users/65639acd0b6dee64d0192850/tasks	http://localhost:5173
20231127	19:35:16	1c267932-167b-46bf-8683-a436b193881d	GET	/users/65639acd0b6dee64d0192850/groups/	http://localhost:5173
20231127	19:35:17	47994c05-ee14-4f17-a606-6bf3959f358d	GET	/users/65639acd0b6dee64d0192850/tasks	http://localhost:5173
20231127	19:35:18	771af45f-478e-477c-a135-82c8f57b2118	GET	/users/65639acd0b6dee64d0192850/groups/	http://localhost:5173
20231127	19:39:45	5a8284f0-19b9-4e7d-93fc-73624ea33922	GET	/users/65639acd0b6dee64d0192850/tasks	http://localhost:5173
20231127	19:39:45	f4a14ffb-0838-4b00-ad0b-e970e05c92ec	GET	/users/65639acd0b6dee64d0192850/groups/	http://localhost:5173
20231127	19:39:53	70f35d63-6156-4012-a13b-2ab7426c2e05	GET	/users/65639acd0b6dee64d0192850	http://localhost:5173
20231127	19:39:53	e5cb4d0f-9b11-4c23-bbb6-11a92ca54e7c	GET	/users/65639acd0b6dee64d0192850/groups/	http://localhost:5173
20231127	19:41:09	d34a925e-2164-42f0-bf16-1018021b86fb	GET	/users/65639acd0b6dee64d0192850/tasks	http://localhost:5173
20231127	19:41:10	60a8d465-63be-4b46-8c09-de7f4f948504	GET	/users/65639acd0b6dee64d0192850/groups/	http://localhost:5173
20231127	19:42:11	b8fd1d7e-8b2e-47bd-ae48-d298b4f1ca9c	GET	/users/65639acd0b6dee64d0192850	http://localhost:5173
20231127	19:42:11	637a461f-84eb-4b89-b15a-630b5c15ff69	GET	/users/65639acd0b6dee64d0192850/groups/	http://localhost:5173
20231127	19:42:13	c7d14332-e34d-4233-bb64-f4c50460c7a5	GET	/users/65639acd0b6dee64d0192850/65639acd0b6dee64d0192851	http://localhost:5173
20231127	19:42:15	5378f63c-82e8-4873-958e-0a66c11b693e	GET	/users/65639acd0b6dee64d0192850	http://localhost:5173
20231127	19:42:15	45777405-b0a4-435c-b991-469bedee477c	GET	/users/65639acd0b6dee64d0192850/tasks	http://localhost:5173
20231127	19:42:16	f76eb691-f1d7-44b3-a1af-97e22cf36c9b	GET	/users/65639acd0b6dee64d0192850	http://localhost:5173
20231127	19:42:16	e9757c02-4ac2-4d99-a3c9-0429ea159ff4	GET	/users/65639acd0b6dee64d0192850/groups/	http://localhost:5173
20231127	19:44:55	f18c3708-3ead-4918-92f7-4238b24f4d2a	GET	/users/65639acd0b6dee64d0192850	http://localhost:5173
20231127	19:44:55	459dc4dd-6914-414c-9232-7da7bf80e258	GET	/users/65639acd0b6dee64d0192850/groups/	http://localhost:5173
20231127	19:44:57	76094d2f-14de-46e7-a8dc-b7909a926a69	GET	/users/65639acd0b6dee64d0192850	http://localhost:5173
20231127	19:44:57	9dff34f7-f4ae-4e45-9f8e-dec2391ae199	GET	/users/65639acd0b6dee64d0192850/tasks	http://localhost:5173
20231127	19:44:58	889516ec-6372-4e2f-8280-eb9cca331749	GET	/users/65639acd0b6dee64d0192850	http://localhost:5173
20231127	19:44:58	087fe723-8043-4adf-b6e1-e10551fceaf6	GET	/users/65639acd0b6dee64d0192850/groups/	http://localhost:5173
20231127	19:44:59	83bcbf38-23c1-4fea-8721-f3807aa0d1a1	GET	/users/65639acd0b6dee64d0192850/65639acd0b6dee64d0192851	http://localhost:5173
20231127	19:45:01	4402bc48-fe8f-463d-aac7-e4336df0fb5b	GET	/users/65639acd0b6dee64d0192850/6563a8973a652b825ac018a9	http://localhost:5173
20231127	19:45:02	398f5a13-34cc-4445-a8bd-2b66b47a1149	GET	/users/65639acd0b6dee64d0192850/6563a8973a652b825ac018a9	http://localhost:5173
20231127	19:45:04	d6fe307f-bda1-4959-8d75-37b762a845ef	GET	/users/65639acd0b6dee64d0192850/6563a8973a652b825ac018a9	http://localhost:5173
20231127	19:45:08	4539d0c8-dd33-4557-a7ef-ab910683e560	GET	/users/65639acd0b6dee64d0192850/6563a8973a652b825ac018a9	http://localhost:5173
20231127	19:45:16	97d90215-ae47-4cb7-adbd-f8047d9a9c2b	GET	/users/65639acd0b6dee64d0192850/tasks	http://localhost:5173
20231127	19:45:16	8df988a6-9f5d-418e-b260-1916f6bd851a	GET	/users/65639acd0b6dee64d0192850	http://localhost:5173
20231127	19:45:17	13678f2b-7428-4ac9-9d27-c8a9d585c64d	GET	/users/65639acd0b6dee64d0192850	http://localhost:5173
20231127	19:45:17	86b514b2-a160-40b2-8613-e2c5be6784ad	GET	/users/65639acd0b6dee64d0192850/groups/	http://localhost:5173
20231127	19:45:21	c6b418af-8dbe-4c8b-b584-54b0275fb43f	GET	/users/65639acd0b6dee64d0192850/65639acd0b6dee64d0192851	http://localhost:5173
20231127	19:45:40	71f0e565-0a69-4dfc-93f6-3823cd7cff2f	GET	/users/65639acd0b6dee64d0192850	http://localhost:5173
20231127	19:45:40	91bf1bf4-366c-48c1-a125-8069b2913355	GET	/users/65639acd0b6dee64d0192850/65639acd0b6dee64d0192851	http://localhost:5173
20231127	19:45:41	b8b3e42d-6b54-4fe1-ae25-da7f53d706f6	GET	/users/65639acd0b6dee64d0192850	http://localhost:5173
20231127	19:45:41	74398767-9d71-480f-a1c0-5fd89a7f6523	GET	/users/65639acd0b6dee64d0192850/tasks	http://localhost:5173
20231127	19:45:41	e248bcad-43c3-4b61-a1d9-8e7ee2f53672	GET	/users/65639acd0b6dee64d0192850	http://localhost:5173
20231127	19:45:41	d5c95fa2-d722-426e-b8f5-13811248670d	GET	/users/65639acd0b6dee64d0192850/groups/	http://localhost:5173
20231127	19:45:42	b37aff3e-707d-4379-9582-48d71881df4f	GET	/users/65639acd0b6dee64d0192850/65639acd0b6dee64d0192851	http://localhost:5173
20231127	19:46:06	a02ca8a2-f762-4d2a-9828-728d5443af3f	GET	/users/65639acd0b6dee64d0192850	http://localhost:5173
20231127	19:46:06	f053c4c1-6249-466e-ab2c-1ef0da4ae4b3	GET	/users/65639acd0b6dee64d0192850/65639acd0b6dee64d0192851	http://localhost:5173
20231127	19:46:11	4a73b4cb-3926-4a33-acf8-fffb1c7df39e	GET	/users/65639acd0b6dee64d0192850	http://localhost:5173
20231127	19:46:11	7e8605e0-e2b5-48f7-b242-47dc4b77084f	GET	/users/65639acd0b6dee64d0192850/tasks	http://localhost:5173
20231127	19:46:12	49b81573-34de-4c41-9209-0b7232ae2faf	GET	/users/65639acd0b6dee64d0192850	http://localhost:5173
20231127	19:46:12	19eb5cb6-004f-463a-a67e-544c7ad471b6	GET	/users/65639acd0b6dee64d0192850/groups/	http://localhost:5173
20231127	19:46:13	ae413ee1-9d92-4f15-87e3-0a429e5406f9	GET	/users/65639acd0b6dee64d0192850/65639acd0b6dee64d0192851	http://localhost:5173
20231127	19:46:56	b3efa588-cc9d-4fab-8873-7e050a5d9388	GET	/users/65639acd0b6dee64d0192850	http://localhost:5173
20231127	19:46:56	baaafc42-a6c7-4a39-9fc7-37903f13f429	GET	/users/65639acd0b6dee64d0192850/65639acd0b6dee64d0192851	http://localhost:5173
20231127	19:46:58	2535726e-b9f7-422b-b0da-c9a125232ba9	GET	/users/65639acd0b6dee64d0192850	http://localhost:5173
20231127	19:46:58	c97dcf26-7d2e-4cd2-863f-37f1f2b5d1c0	GET	/users/65639acd0b6dee64d0192850/tasks	http://localhost:5173
20231127	19:46:58	08812e3f-6dfc-408b-ad7d-f673e25c569e	GET	/users/65639acd0b6dee64d0192850	http://localhost:5173
20231127	19:46:58	87e301b9-777f-4b52-8b8a-c2ba5eab20da	GET	/users/65639acd0b6dee64d0192850/groups/	http://localhost:5173
20231127	19:46:59	2c30261f-6b40-49cd-bb31-8dd45e3e4ee3	GET	/users/65639acd0b6dee64d0192850/65639acd0b6dee64d0192851	http://localhost:5173
20231127	19:48:09	151f7e86-dfe2-4686-bc49-cd1ed1dda242	GET	/users/65639acd0b6dee64d0192850	http://localhost:5173
20231127	19:48:09	993cbf00-6084-4ff4-9f1e-6c934684ac87	GET	/users/65639acd0b6dee64d0192850/65639acd0b6dee64d0192851	http://localhost:5173
20231127	19:50:32	88739a6f-c18f-468a-b12d-9d3fb2b8a922	GET	/users/65639acd0b6dee64d0192850	http://localhost:5173
20231127	19:50:32	ab8c34ca-666a-47dd-a3a3-2db1a8c2c4ee	GET	/users/65639acd0b6dee64d0192850/tasks	http://localhost:5173
20231127	19:50:32	71f2b620-ec1b-49a1-a3cb-069d42329f44	GET	/users/65639acd0b6dee64d0192850	http://localhost:5173
20231127	19:50:32	055ff4f1-be7d-49f5-bf25-b5d10ee96ec3	GET	/users/65639acd0b6dee64d0192850/65639acd0b6dee64d0192851	http://localhost:5173
20231128	09:54:36	6809a460-41aa-4ff0-afad-ea60ea513ceb	GET	/users/65639acd0b6dee64d0192850/tasks	http://localhost:5173
20231128	09:54:36	04febae9-cc95-4405-8fcc-7f1ad820fc1e	GET	/users/65639acd0b6dee64d0192850	http://localhost:5173
20231128	09:54:36	adee2056-ab37-4698-baf5-739b301aecc1	GET	/users/65639acd0b6dee64d0192850/65639acd0b6dee64d0192851	http://localhost:5173
20231128	09:54:37	3d86f720-1df4-42d5-b041-f5db3a2a3166	GET	/users/65639acd0b6dee64d0192850	http://localhost:5173
20231202	12:59:41	1a8a7992-7dea-453b-b361-df63aeb28751	GET	/users	undefined
20231202	12:59:41	a7943fb0-ed88-4617-8945-3bc22c02121d	GET	/images/icons/gear.png	undefined
20231202	13:00:21	c6d356b2-8656-40b4-88d6-a08271c63929	GET	/users/65639acd0b6dee64d0192850/65639acd0b6dee64d0192851	undefined
20231202	13:00:21	32c93a6f-5dde-4029-83b4-e4b3b5aef92b	GET	/images/icons/gear.png	undefined
20231202	13:01:41	6ba9dd6a-6aaa-42ff-ae3f-f97d0673733a	GET	/users/65639acd0b6dee64d0192850/65639acd0b6dee64d0192851	undefined
20231202	13:01:41	99afa356-eac4-472f-960a-697be44c754b	GET	/favicon.ico	undefined
20231202	13:01:41	143a1a68-8e0e-4289-85b4-e84ef67f50e9	GET	/images/icons/gear.png	undefined
20240409	23:36:44	1db1e713-bfe1-4921-9216-00f227b109b5	GET	/	undefined
20240409	23:36:44	ddca68bf-d02e-443d-88c4-4f2068a7bb11	GET	/css/style.css	undefined
20240409	23:36:44	edddcc93-f3e8-40bc-8f16-5c06a30d91b9	GET	/favicon.ico	undefined
20240409	23:36:53	e505a0cb-9f9d-46e9-914c-1e7cf2c3ef57	GET	/users/	undefined
20240409	23:37:41	be9dc857-f407-4c59-8b6a-9696f22c9c63	GET	/users/65639acd0b6dee64d0192850/tasks	undefined
20240409	23:37:47	1dfcd520-d16e-40ac-acc3-1cfe40af71fd	GET	/users/65639acd0b6dee64d0192850/	undefined
20240409	23:37:54	da742bfd-b2d5-4d9d-a102-e261a19ffb54	GET	/users/65639acd0b6dee64d0192850/tasks	undefined
20240411	01:13:34	28efdcbc-2605-4c32-af2a-2311a84ad110	GET	/users/65639acd0b6dee64d0192850	http://localhost:5174
20240411	01:13:34	670226eb-810d-45d3-b901-00c6ed35f621	GET	/users/65639acd0b6dee64d0192850/groups	http://localhost:5174
20240411	01:14:30	ccd96366-edf6-46bf-a7de-fbe0e0e76a59	GET	/users/65639acd0b6dee64d0192850	http://localhost:5174
20240411	01:14:30	be0b9487-c3fc-484e-b6e9-2fc447d420be	GET	/users/65639acd0b6dee64d0192850/groups	http://localhost:5174
20240411	01:16:02	79a4cd14-fe09-4f53-b2b5-4a2fd8d1c820	GET	/users/65639acd0b6dee64d0192850	http://localhost:5174
20240411	01:16:02	a982491c-c3c2-4aa4-be8c-2a44588b0fb1	GET	/users/65639acd0b6dee64d0192850/groups	http://localhost:5174
20240411	01:16:04	627ac17f-ac80-46c1-901c-f5b19b0154e1	GET	/users/65639acd0b6dee64d0192850	http://localhost:5174
20240411	01:16:04	8d30bab4-ef35-499d-8f14-34ae2771aa50	GET	/users/65639acd0b6dee64d0192850/groups	http://localhost:5174
20240411	01:17:01	387ba3c4-7e39-4e43-b9ee-6eae524752eb	GET	/users/65639acd0b6dee64d0192850	http://localhost:5174
20240411	01:17:01	b82daf94-f48e-46a9-859e-a3b026df2285	GET	/users/65639acd0b6dee64d0192850/groups	http://localhost:5174
20240411	01:17:30	8c5892df-3046-4808-87e3-708c97ba3cbd	GET	/users/65639acd0b6dee64d0192850	http://localhost:5174
20240411	01:17:30	d72c5656-18f8-4c49-954f-78d37a4dc944	GET	/users/65639acd0b6dee64d0192850/groups	http://localhost:5174
20240411	01:17:48	3a0feaf5-3f46-4cea-891d-3070cfd6c17e	GET	/users/65639acd0b6dee64d0192850	http://localhost:5174
20240411	01:17:48	832355ef-17a6-4b18-a13f-1aa0f2ed19a9	GET	/users/65639acd0b6dee64d0192850/groups	http://localhost:5174
20240411	01:17:51	ca6c758d-d127-43e0-a0e2-4ec8df4e7ce6	GET	/users/65639acd0b6dee64d0192850	http://localhost:5174
20240411	01:17:51	041ce149-db4e-4198-ad02-048c38748765	GET	/users/65639acd0b6dee64d0192850/groups	http://localhost:5174
20240411	01:18:10	7b4d4ea8-6498-4ca2-a94d-2e63ee66513e	GET	/users/65639acd0b6dee64d0192850	http://localhost:5174
20240411	01:18:10	e4112b98-7732-454d-94b1-274f14d89440	GET	/users/65639acd0b6dee64d0192850/groups	http://localhost:5174
20240411	01:18:16	6b5b6294-32da-424e-9349-b7e720d666f3	GET	/users/65639acd0b6dee64d0192850	http://localhost:5174
20240411	01:18:16	bd557394-c407-4730-a3ad-90d01ca77490	GET	/users/65639acd0b6dee64d0192850/groups	http://localhost:5174
20240411	01:18:21	c6b970ba-0cf3-4544-84c6-9b98c77b5dd1	GET	/users/65639acd0b6dee64d0192850	http://localhost:5174
20240411	01:18:21	0c55b973-df40-473d-bffe-e102de01cd1b	GET	/users/65639acd0b6dee64d0192850/groups	http://localhost:5174
20240411	01:18:42	13b65c65-d61b-47f6-869e-1da4add6fb4b	GET	/users/65639acd0b6dee64d0192850	http://localhost:5174
20240411	01:18:42	5fb920e8-4341-4ca7-9b35-29be80c1559a	GET	/users/65639acd0b6dee64d0192850/groups	http://localhost:5174
20240411	01:18:48	416330b9-a9e3-4b3a-9c02-6b2752e6d4e3	GET	/users/65639acd0b6dee64d0192850	http://localhost:5174
20240411	01:18:48	de2c9c55-73ed-40a1-9a5b-84f78c3aba5b	GET	/users/65639acd0b6dee64d0192850/groups	http://localhost:5174
20240411	01:19:25	033b093e-63f8-4b14-9f29-cb50476d9172	GET	/users/65639acd0b6dee64d0192850	http://localhost:5174
20240411	01:19:25	fda94022-d61b-47bb-8c3c-65b7ba95cf3c	GET	/users/65639acd0b6dee64d0192850/groups	http://localhost:5174
20240411	01:19:29	cd2f0ae9-64ad-460f-aa60-e3419e56e69b	GET	/users/65639acd0b6dee64d0192850	http://localhost:5174
20240411	01:19:29	f3d7b6cc-7caf-4a8f-ad10-b79ae03fb695	GET	/users/65639acd0b6dee64d0192850/groups	http://localhost:5174
20240411	01:22:06	8ec233a7-1d21-4457-9b0f-86cf050279a5	GET	/users/65639acd0b6dee64d0192850	http://localhost:5174
20240411	01:22:06	5eecf4bd-55e0-480f-ae8d-676b1987f1ba	GET	/users/65639acd0b6dee64d0192850/groups	http://localhost:5174
20240411	01:22:12	50f2af13-fc16-4c5f-b09f-64eff944b8a2	GET	/users/65639acd0b6dee64d0192850	http://localhost:5174
20240411	01:22:12	1ba53786-b80e-4f9d-9007-e11e1de27fdd	GET	/users/65639acd0b6dee64d0192850/groups	http://localhost:5174
20240411	01:23:57	1bcefe1a-cbda-488e-bb71-f44f6496f4ec	GET	/users/65639acd0b6dee64d0192850	http://localhost:5174
20240411	01:23:58	a05a8805-bd45-4637-aa77-9f85b04ed43a	GET	/users/65639acd0b6dee64d0192850/groups	http://localhost:5174
20240411	01:25:16	b9e2acbd-2212-4a4f-89ea-792b958b77ae	GET	/users/65639acd0b6dee64d0192850	http://localhost:5174
20240411	01:25:16	d724e0ab-6f78-4e80-8dc6-e9c9d78c9868	GET	/users/65639acd0b6dee64d0192850/groups	http://localhost:5174
20240411	01:25:18	8da85e50-66f0-423c-ac66-6d5faa155a9f	GET	/users/65639acd0b6dee64d0192850	http://localhost:5174
20240411	01:25:18	84971d7c-43a6-4151-a624-f6413a238130	GET	/users/65639acd0b6dee64d0192850/groups	http://localhost:5174
20240411	01:25:44	cfd1d263-d2b7-47a5-aa03-d80e1bdc1007	GET	/users/65639acd0b6dee64d0192850	http://localhost:5174
20240411	01:25:44	b6a841e1-a336-4ae8-864f-4e19df8cc4dd	GET	/users/65639acd0b6dee64d0192850/groups	http://localhost:5174
20240411	01:26:52	4ec6b841-866b-4184-b7cd-1568cf0bccf0	GET	/users/65639acd0b6dee64d0192850	http://localhost:5174
20240411	01:26:52	a77670f5-ec54-4975-b9a0-75dca7d3b633	GET	/users/65639acd0b6dee64d0192850/groups	http://localhost:5174
20240411	01:27:06	dd4ef828-6aa4-4880-a4d3-c12aca88f65f	GET	/users/65639acd0b6dee64d0192850	http://localhost:5174
20240411	01:27:06	2e0ffb84-e20d-45d7-878a-89b64469d8b3	GET	/users/65639acd0b6dee64d0192850/groups	http://localhost:5174
20240411	01:27:50	8c0dabfb-80bf-4bec-abf3-46fbca27026f	GET	/users/65639acd0b6dee64d0192850	http://localhost:5174
20240411	01:27:50	f5cee76f-8c65-471b-af7b-99bc3bb1f9b2	GET	/users/65639acd0b6dee64d0192850/groups	http://localhost:5174
20240411	01:28:57	5bf24b99-0e66-44b6-807d-33f3df9cdacb	GET	/users/65639acd0b6dee64d0192850	undefined
20240411	01:29:03	b728ec41-4001-4828-a351-bc613002551b	GET	/users/65639acd0b6dee64d0192850/groups	undefined
20240411	01:29:50	2f8331d6-df7b-49a3-b4f7-37b922e7cd8f	GET	/users/65639acd0b6dee64d0192850	http://localhost:5174
20240411	01:29:50	f0bda4cf-3eb1-43fc-a3da-fc4adbac8b4e	GET	/users/65639acd0b6dee64d0192850/groups	http://localhost:5174
20240411	01:32:06	21749d56-8a0d-4892-9d64-8a79096eec52	GET	/users/65639acd0b6dee64d0192850	http://localhost:5174
20240411	01:32:06	a13c6447-4c25-4081-9228-716abb7dc3ca	GET	/users/65639acd0b6dee64d0192850/groups	http://localhost:5174
20240411	01:32:07	99107a06-954d-4321-816d-12eb67d47781	GET	/users/65639acd0b6dee64d0192850	http://localhost:5174
20240411	01:32:07	dca32c79-b216-4ea5-a9fb-aa7e44e49397	GET	/users/65639acd0b6dee64d0192850/groups	http://localhost:5174
20240411	01:32:38	4d7dd79b-6fe5-4eaa-9c8a-f8a4919109c0	GET	/users/65639acd0b6dee64d0192850	http://localhost:5174
20240411	01:32:39	a5bf63f0-f6a0-436b-83fa-d1545cd7d947	GET	/users/65639acd0b6dee64d0192850/groups	http://localhost:5174
20240411	01:37:31	978efaba-4443-492d-8d62-1e3198267e94	GET	/users/65639acd0b6dee64d0192850	http://localhost:5174
20240411	01:37:31	fb9d946d-16da-448d-bd13-f75132102c21	GET	/users/65639acd0b6dee64d0192850/groups	http://localhost:5174
20240411	01:37:31	415d3c92-a89e-465d-8b66-062307db15bb	GET	/users/65639acd0b6dee64d0192850	http://localhost:5174
20240411	01:37:31	43a535d4-1877-4fdd-8521-bbc325be7718	GET	/users/65639acd0b6dee64d0192850/groups	http://localhost:5174
20240411	01:37:35	ac91ff42-e613-4c1c-a23a-7220054a134f	GET	/users/65639acd0b6dee64d0192850	http://localhost:5174
20240411	01:37:35	7c268dfc-5def-43a9-9d89-637f409468a9	GET	/users/65639acd0b6dee64d0192850/groups	http://localhost:5174
20240411	01:38:15	41f56b70-d4b3-45c4-a444-056d25ced633	GET	/users/65639acd0b6dee64d0192850	http://localhost:5174
20240411	01:38:15	31292424-b176-404c-8919-b24c9fb3335f	GET	/users/65639acd0b6dee64d0192850/groups	http://localhost:5174
20240411	01:38:18	d2af6042-7e3b-47af-a849-799e609d3e87	GET	/users/65639acd0b6dee64d0192850	http://localhost:5174
20240411	01:38:19	0c42e27e-629e-4adb-82b7-84bdc20e5d68	GET	/users/65639acd0b6dee64d0192850/groups	http://localhost:5174
20240411	01:41:05	71a57cc0-dd03-4236-a10c-fd34990bfccb	GET	/users/65639acd0b6dee64d0192850	http://localhost:5174
20240411	01:41:05	538644d4-d42f-4032-9779-82e09ebf7509	GET	/users/65639acd0b6dee64d0192850/groups	http://localhost:5174
20240411	01:47:44	ef17b1a6-3fa2-4b8e-9cf0-1e9d606ff29a	GET	/users/65639acd0b6dee64d0192850	http://localhost:5174
20240411	01:47:44	1d779d32-71a0-49a5-83ad-b0029706cdf0	GET	/users/65639acd0b6dee64d0192850/groups	http://localhost:5174
20240411	01:47:44	2ea86f77-06cd-4331-8a4b-5029510cc30c	GET	/users/65639acd0b6dee64d0192850	http://localhost:5174
20240411	01:47:44	204eb5fb-527d-4099-8db3-fd99683e838d	GET	/users/65639acd0b6dee64d0192850/groups	http://localhost:5174
20240411	01:47:47	5876c5a2-5cf7-4b1d-baf6-3952b769dede	GET	/users/65639acd0b6dee64d0192850	http://localhost:5174
20240411	01:47:47	509a7918-0004-45cc-9488-c3f2456902a8	GET	/users/65639acd0b6dee64d0192850/groups	http://localhost:5174
20240411	01:50:28	6389f4f3-72a4-4c9b-8695-5c6eb5ba6bf4	GET	/users/65639acd0b6dee64d0192850	http://localhost:5174
20240411	01:50:28	157edcf3-07f8-450c-b88d-3816422ba3e2	GET	/users/65639acd0b6dee64d0192850/groups	http://localhost:5174
20240411	01:57:32	5b4d7874-812b-4720-820d-ec6bbeb5a186	GET	/users/65639acd0b6dee64d0192850	http://localhost:5174
20240411	01:57:32	1ba4841b-4252-4203-8a31-486a1818e0c4	GET	/users/65639acd0b6dee64d0192850/groups	http://localhost:5174
20240411	01:57:37	aec124c1-e7c1-45df-963f-6143ecf3df58	GET	/users/65639acd0b6dee64d0192850	http://localhost:5174
20240411	01:57:37	ce8c6516-7052-42a0-8c20-8ec37475ff79	GET	/users/65639acd0b6dee64d0192850/groups	http://localhost:5174
20240411	01:58:46	4ad82c13-818a-47cd-80dc-a61808c41335	GET	/users/65639acd0b6dee64d0192850	http://localhost:5174
20240411	01:58:46	bdfa81df-d667-42b8-adb8-6b0fbdae307c	GET	/users/65639acd0b6dee64d0192850/groups	http://localhost:5174
20240411	01:58:47	c46b4a39-0e46-4117-a230-cd4008d39013	GET	/users/65639acd0b6dee64d0192850	http://localhost:5174
20240411	01:58:47	ce94cf06-c917-4c04-bfa4-f290b20775d4	GET	/users/65639acd0b6dee64d0192850/groups	http://localhost:5174
20240411	02:00:27	4f747ff0-c020-4b15-8d8e-4602516b6ac0	GET	/users/65639acd0b6dee64d0192850	http://localhost:5174
20240411	02:00:27	79d1a542-6269-4492-ac96-a511cac15ec5	GET	/users/65639acd0b6dee64d0192850/groups	http://localhost:5174
20240411	02:00:43	52c261f6-6a54-4c55-906f-214d47a26ace	GET	/users/65639acd0b6dee64d0192850	http://localhost:5174
20240411	02:00:43	7eebb654-9ff0-4097-a4de-84d6ca0d57f2	GET	/users/65639acd0b6dee64d0192850/groups	http://localhost:5174
20240411	02:00:51	19cb0b27-5113-4df8-85ba-efd68d3a8191	GET	/users/65639acd0b6dee64d0192850	http://localhost:5174
20240411	02:00:51	4e00c077-a1ff-42b7-a387-307dda1e76a2	GET	/users/65639acd0b6dee64d0192850/groups	http://localhost:5174
20240411	02:00:53	4cf3d6ca-436e-4468-8f0f-a6409067041c	GET	/users/65639acd0b6dee64d0192850	http://localhost:5174
20240411	02:00:53	8110b84f-1df7-466e-bdde-eb187df1cf04	GET	/users/65639acd0b6dee64d0192850/groups	http://localhost:5174
20240411	02:01:38	18b0f6a4-1f0e-4dc9-a6b7-eda61a80b2b9	GET	/users/65639acd0b6dee64d0192850	http://localhost:5174
20240411	02:01:38	4fd47113-6286-4666-84f7-005bc5f39a4f	GET	/users/65639acd0b6dee64d0192850/groups	http://localhost:5174
20240411	02:01:48	6a576c0c-45b1-4293-b451-4a29f861d741	GET	/users/65639acd0b6dee64d0192850	http://localhost:5174
20240411	02:01:48	e87247b4-684a-4a2c-bc2c-d6d5a5e5c9f8	GET	/users/65639acd0b6dee64d0192850/groups	http://localhost:5174
20240411	02:02:10	a01f43da-ea3e-4c30-bda7-edead835102b	GET	/users/65639acd0b6dee64d0192850	http://localhost:5174
20240411	02:02:10	0e15c0ea-8845-4756-9a10-616f74944a59	GET	/users/65639acd0b6dee64d0192850/groups	http://localhost:5174
20240411	02:02:11	bced65a0-086b-45bc-a814-b6b5ffc06e04	GET	/users/65639acd0b6dee64d0192850	http://localhost:5174
20240411	02:02:11	1ce045d4-b431-419a-aee4-50c5e772f855	GET	/users/65639acd0b6dee64d0192850/groups	http://localhost:5174
20240411	02:02:59	f8f45084-11fc-4fca-91ac-bb3fcb7629d5	GET	/users/65639acd0b6dee64d0192850	http://localhost:5174
20240411	02:02:59	cfc299a0-2c52-4c22-ae0e-de0b52b13043	GET	/users/65639acd0b6dee64d0192850/groups	http://localhost:5174
20240411	02:06:19	4058edd8-e70f-400d-aa76-7944bc726c49	GET	/users/65639acd0b6dee64d0192850	http://localhost:5174
20240411	02:06:19	d45ac75d-e554-4fae-a4e9-6bdc1e7a4700	GET	/users/65639acd0b6dee64d0192850/groups	http://localhost:5174
20240411	02:06:20	65f0b573-ad56-4d04-9eb5-45716db860d1	GET	/users/65639acd0b6dee64d0192850	http://localhost:5174
20240411	02:06:20	e21bdc47-927c-46fe-9a0b-efef37c22e78	GET	/users/65639acd0b6dee64d0192850/groups	http://localhost:5174
20240412	00:44:49	4416d042-2b34-407c-a7dd-d4dbf6216e8d	GET	/users/65639acd0b6dee64d0192850/groups	undefined
20240412	00:45:43	a386e746-cbd2-4853-bc73-62c8af3c0f99	GET	/users/65639acd0b6dee64d0192850/groups	undefined
20240412	00:49:26	f21d6c4d-e9e0-41f0-92e0-7380dfb67219	GET	/users/65639acd0b6dee64d0192850/groups	undefined
20240412	00:50:41	473c1a55-4fe2-43c0-9e45-4ca4bd26cb0c	GET	/users/65639acd0b6dee64d0192850/groups	undefined
20240412	00:52:55	50b600ec-b4a9-4cc4-a6da-3565ace715fb	GET	/users/65639acd0b6dee64d0192850/groups	undefined
20240412	00:53:29	f681db1f-1abe-4bcd-a0cf-13a497fd4d5c	GET	/users/65639acd0b6dee64d0192850/groups	undefined
20240412	00:55:32	5f45412e-632e-4d7b-add5-877d21ff31e6	GET	/users/65639acd0b6dee64d0192850/groups	http://localhost:5174
20240412	00:55:32	a0d091aa-9c0b-4f78-bffe-0ecf58e663ec	GET	/users/65639acd0b6dee64d0192850	http://localhost:5174
20240412	00:56:06	9efb3088-bbc5-4a69-8edd-2c839d3add8a	GET	/users/65639acd0b6dee64d0192850	http://localhost:5174
20240412	00:56:06	755597d1-59c1-4814-856b-048ea6682d8a	GET	/users/65639acd0b6dee64d0192850/groups	http://localhost:5174
20240412	00:56:20	45c848fe-2812-4fad-9a09-289fce9e40e6	GET	/users/65639acd0b6dee64d0192850	http://localhost:5174
20240412	00:56:20	8eaac6b5-af3e-4828-bb2d-6d7312c352ee	GET	/users/65639acd0b6dee64d0192850/groups	http://localhost:5174
20240412	00:56:29	bb420168-d364-4098-93b9-863a368e454e	GET	/users/65639acd0b6dee64d0192850	http://localhost:5174
20240412	00:56:29	55259d35-7ab6-4943-8a26-04e08d6ce7c1	GET	/users/65639acd0b6dee64d0192850/groups	http://localhost:5174
20240412	00:59:04	b3e3599e-17cd-4e25-9052-ada461991ae9	GET	/users/65639acd0b6dee64d0192850	http://localhost:5174
20240412	00:59:04	89cb4560-d5e2-489e-ae18-edd41aa0a78e	GET	/users/65639acd0b6dee64d0192850/groups	http://localhost:5174
20240412	01:05:17	b02d898b-a68d-40df-8fa7-3634359cc75d	GET	/users/65639acd0b6dee64d0192850	http://localhost:5174
20240412	01:05:17	d9abd6be-e1fd-45f8-b610-d9cb1e5d375c	GET	/users/65639acd0b6dee64d0192850/groups	http://localhost:5174
20240412	01:05:39	23eb8d85-9088-45b5-bec7-deb6f122e9b0	GET	/users/65639acd0b6dee64d0192850	http://localhost:5174
20240412	01:05:39	0b06760b-0993-4026-95a9-c1c5bfcb8061	GET	/users/65639acd0b6dee64d0192850/groups	http://localhost:5174
20240412	01:07:20	1df20517-bd04-4a46-8b15-1405d2d176da	GET	/users/65639acd0b6dee64d0192850	http://localhost:5174
20240412	01:07:20	8668c1fd-552c-4381-aaaf-7db89d88c3d4	GET	/users/65639acd0b6dee64d0192850/groups	http://localhost:5174
20240412	01:08:00	85bb5e76-e154-4e19-a0c1-d401449fe986	GET	/users/65639acd0b6dee64d0192850	http://localhost:5174
20240412	01:08:00	51ced7f3-435e-4f87-96cb-c5775a2f762f	GET	/users/65639acd0b6dee64d0192850/groups	http://localhost:5174
20240412	01:10:09	ed06d9d1-838d-4e9c-bf14-9167b0ac7d6f	GET	/users/65639acd0b6dee64d0192850/groups/656b2ac0e9cd853e0a5f696c	undefined
20240412	01:10:37	38a1cbf2-659a-4d8b-a15e-15d9168bf2d2	GET	/users/65639acd0b6dee64d0192850/656b2ac0e9cd853e0a5f696c	undefined
20240412	01:14:04	f457c042-9c53-4f09-9ec2-babf96a8b9ff	GET	/users/65639acd0b6dee64d0192850	http://localhost:5174
20240412	01:14:04	e026876b-c4e3-4364-a38a-169b7d4a59bb	GET	/users/65639acd0b6dee64d0192850/groups	http://localhost:5174
20240412	01:18:24	1ce9ab5b-234a-4716-b8ed-1d624d5c00e3	GET	/users/65639acd0b6dee64d0192850	http://localhost:5174
20240412	01:18:24	09721b7a-a100-4b4e-94b5-a0f34fc7f3df	GET	/users/65639acd0b6dee64d0192850/groups	http://localhost:5174
20240412	01:18:27	683696b0-b61a-41fe-9a65-e5ae1faa885a	GET	/users/65639acd0b6dee64d0192850/groups	http://localhost:5174
20240412	01:18:27	69dff868-1e2d-4428-ab4d-ef5b3923d4fb	GET	/users/65639acd0b6dee64d0192850	http://localhost:5174
20240412	01:19:06	20b33eaf-2c92-4c27-b83b-a4c2ed49fc47	GET	/users/65639acd0b6dee64d0192850	http://localhost:5174
20240412	01:19:06	294d7f6d-5590-4707-ae5a-320b547333e5	GET	/users/65639acd0b6dee64d0192850/groups	http://localhost:5174
20240412	01:33:53	fe0f70af-6c7d-422f-abb1-939ba2bff764	GET	/users/65639acd0b6dee64d0192850	http://localhost:5174
20240412	01:33:53	767cea77-8e15-4267-80ed-535ddb068a25	GET	/users/65639acd0b6dee64d0192850/groups	http://localhost:5174
20240412	01:33:54	86acf276-8acb-454b-942d-478a593e4c7a	GET	/users/65639acd0b6dee64d0192850	http://localhost:5174
20240412	01:33:54	d89a7fc9-5ad8-49bc-9579-c46bb2d468f0	GET	/users/65639acd0b6dee64d0192850/groups	http://localhost:5174
20240412	01:34:33	fa859942-f6f4-4308-8a6b-fff5fe96b6ea	GET	/users/65639acd0b6dee64d0192850/656b2ac0e9cd853e0a5f696c	http://localhost:5174
20240412	01:34:33	96186e28-edac-414e-a4bc-b55f98b0bf56	GET	/users/65639acd0b6dee64d0192850/656b2ac0e9cd853e0a5f696c	http://localhost:5174
20240412	01:34:49	faacc54c-5bd5-4c12-9202-a952836cb98e	GET	/users/65639acd0b6dee64d0192850/656b2ac0e9cd853e0a5f696c	http://localhost:5174
20240412	01:34:49	e2066259-ad54-41dd-b38c-e74882f99598	GET	/users/65639acd0b6dee64d0192850/656b2ac0e9cd853e0a5f696c	http://localhost:5174
20240412	01:35:00	ccaa951c-093d-4ece-876a-64acdad2548e	GET	/users/65639acd0b6dee64d0192850/656b2ac0e9cd853e0a5f696c	http://localhost:5174
20240412	01:35:00	c386ee66-4d53-473e-a146-8695d45fab86	GET	/users/65639acd0b6dee64d0192850/656b2ac0e9cd853e0a5f696c	http://localhost:5174
20240412	01:37:00	5845ea56-d9b0-4512-bc88-43d87e7e51c9	GET	/users/65639acd0b6dee64d0192850	http://localhost:5174
20240412	01:37:00	06a2e98d-2fbc-49a3-bad1-0be6ff76b777	GET	/users/65639acd0b6dee64d0192850/groups	http://localhost:5174
20240412	01:37:00	408afdd7-9a7f-4b19-ab0f-e7f12c8cd551	GET	/users/65639acd0b6dee64d0192850/656b2ac0e9cd853e0a5f696c	http://localhost:5174
20240412	01:41:51	b7a92ed3-ad80-4ca1-accc-a4d6a338efd3	GET	/users/65639acd0b6dee64d0192850	http://localhost:5174
20240412	01:41:51	32f65323-ffbc-46ba-b060-236d6739c1de	GET	/users/65639acd0b6dee64d0192850/groups	http://localhost:5174
20240412	01:41:51	34301235-8f5f-4775-9284-960f4671bee9	GET	/users/65639acd0b6dee64d0192850/656b2ac0e9cd853e0a5f696c	http://localhost:5174
20240412	01:41:51	762926d5-ef55-41ad-9531-b67fb83ee085	GET	/users/65639acd0b6dee64d0192850	http://localhost:5174
20240412	01:41:51	d7150500-12b7-48ae-8824-2f250efc2596	GET	/users/65639acd0b6dee64d0192850/groups	http://localhost:5174
20240412	01:41:51	9f899c53-d607-4d2d-91b2-063dbb4feca1	GET	/users/65639acd0b6dee64d0192850/656b2ac0e9cd853e0a5f696c	http://localhost:5174
20240412	01:41:55	e77f68d8-8679-4215-8224-e01b92f185ba	GET	/users/65639acd0b6dee64d0192850	http://localhost:5174
20240412	01:41:55	855a400a-44af-48a6-8d14-2393c95be25e	GET	/users/65639acd0b6dee64d0192850/groups	http://localhost:5174
20240412	01:41:55	5f351e17-075f-4c53-b66e-344af82e9036	GET	/users/65639acd0b6dee64d0192850/656b2ac0e9cd853e0a5f696c	http://localhost:5174
20240412	01:42:40	19c1f5d8-d56e-43ce-b893-f8998c734b87	GET	/users/65639acd0b6dee64d0192850	http://localhost:5174
20240412	01:42:40	f6768397-7ab3-4181-bec2-53cf8273c28e	GET	/users/65639acd0b6dee64d0192850/groups	http://localhost:5174
20240412	01:42:40	bcc79298-3964-4aee-a57a-663d35d3d9cb	GET	/users/65639acd0b6dee64d0192850/656b2ac0e9cd853e0a5f696c	http://localhost:5174
20240412	01:42:40	71490f01-4a5a-4e18-b4bd-48135cb58e99	GET	/users/65639acd0b6dee64d0192850	http://localhost:5174
20240412	01:42:40	78620967-531b-4799-9f7d-bc8e92a61885	GET	/users/65639acd0b6dee64d0192850/656b2ac0e9cd853e0a5f696c	http://localhost:5174
20240412	01:42:40	a4cef2ef-7840-4818-afd2-c6785b426846	GET	/users/65639acd0b6dee64d0192850/groups	http://localhost:5174
20240412	01:42:43	3b84d9e4-5739-4620-b218-d1113ed93d82	GET	/users/65639acd0b6dee64d0192850	http://localhost:5174
20240412	01:42:43	8c9cae89-9439-45e2-a691-daf909322603	GET	/users/65639acd0b6dee64d0192850/groups	http://localhost:5174
20240412	01:42:43	ba109b58-6adc-43e9-a9df-038fee907f41	GET	/users/65639acd0b6dee64d0192850/656b2ac0e9cd853e0a5f696c	http://localhost:5174
20240412	02:00:22	fa5b4716-6ded-4197-b438-dfc410e37443	GET	/users/65639acd0b6dee64d0192850	http://localhost:5174
20240412	02:00:22	138c415f-566d-45d5-8586-30479b2e3df9	GET	/users/65639acd0b6dee64d0192850/groups	http://localhost:5174
20240412	02:00:22	6d9c5a72-36cf-4dc7-86ef-f3d19140f8b8	GET	/users/65639acd0b6dee64d0192850/656b2ac0e9cd853e0a5f696c	http://localhost:5174
20240412	02:00:23	061ca9c8-5364-429d-b6f0-dcb450216e49	GET	/users/65639acd0b6dee64d0192850/groups	http://localhost:5174
20240412	02:00:23	6fb3cacf-3617-4b96-943e-270a2905da7b	GET	/users/65639acd0b6dee64d0192850/656b2ac0e9cd853e0a5f696c	http://localhost:5174
20240412	02:00:23	9a0091bb-f4a1-4787-ae75-26288b05f29d	GET	/users/65639acd0b6dee64d0192850	http://localhost:5174
20240412	02:30:39	69c4d6b1-6e90-49e5-966d-f0b51da7dd1a	GET	/users/65639acd0b6dee64d0192850	http://localhost:5174
20240412	02:30:39	4d6efff4-01e0-4347-aea9-768d8a8951cf	GET	/users/65639acd0b6dee64d0192850/groups	http://localhost:5174
20240412	02:30:39	305fb370-d9a5-4d00-9d09-eb580a54cc42	GET	/users/65639acd0b6dee64d0192850/656b2ac0e9cd853e0a5f696c	http://localhost:5174
20240412	02:30:43	891fb0a4-74b1-4907-88ab-26f346983a48	GET	/users/65639acd0b6dee64d0192850/groups	http://localhost:5174
20240412	02:30:43	ee4fb7cd-af43-4656-a6f7-98daa114b68e	GET	/users/65639acd0b6dee64d0192850	http://localhost:5174
20240412	02:30:43	d4f959bb-a809-461b-ab21-d3ffa4d91a5b	GET	/users/65639acd0b6dee64d0192850/656b2ac0e9cd853e0a5f696c	http://localhost:5174
20240412	02:57:40	17ff4236-8cbb-4ff1-8d01-2e5444fda5ff	GET	/users/65639acd0b6dee64d0192850	http://localhost:5174
20240412	02:57:40	9dea90bb-41f8-46e0-b6a2-9cf47a3e2f4b	GET	/users/65639acd0b6dee64d0192850/656b2ac0e9cd853e0a5f696c	http://localhost:5174
20240412	02:57:40	0c2274d7-7683-4334-8dcb-a3a22b43b906	GET	/users/65639acd0b6dee64d0192850/groups	http://localhost:5174
20240412	02:57:47	41e94f91-db05-4b0e-9c2b-3907be7247cb	GET	/users/65639acd0b6dee64d0192850/656b2ac0e9cd853e0a5f696c	http://localhost:5174
20240412	02:57:47	d0db9dc8-8f21-43bb-b16f-f5f3e681d7e4	GET	/users/65639acd0b6dee64d0192850	http://localhost:5174
20240412	02:57:48	419ea52a-edb4-49d1-9611-3b4a011cbab1	GET	/users/65639acd0b6dee64d0192850/groups	http://localhost:5174
20240412	03:12:04	fa118950-4aa6-406f-81b2-494e5185168e	GET	/users/65639acd0b6dee64d0192850	http://localhost:5174
20240412	03:12:04	d8636d2f-1ff0-4502-ae68-63ec05e658b4	GET	/users/65639acd0b6dee64d0192850/groups	http://localhost:5174
20240412	03:12:04	fb94bae7-e14d-4c68-8409-1b1b93a282b9	GET	/users/65639acd0b6dee64d0192850/656b2ac0e9cd853e0a5f696c	http://localhost:5174
20240412	03:12:04	097f2a11-f913-4838-b670-b0594caa4f89	GET	/users/65639acd0b6dee64d0192850	http://localhost:5174
20240412	03:12:04	f9a9eaf3-f967-4785-98c4-e5288dc48c09	GET	/users/65639acd0b6dee64d0192850/groups	http://localhost:5174
20240412	03:12:04	188e0b45-c6c4-40c1-8043-c31101a50c84	GET	/users/65639acd0b6dee64d0192850/656b2ac0e9cd853e0a5f696c	http://localhost:5174
20240412	03:13:49	7ce22e92-fb93-4ebf-8a57-f872a9e460fc	GET	/users/65639acd0b6dee64d0192850	http://localhost:5174
20240412	03:13:49	a66598c5-7b5b-42ee-9b6c-61853d503d8e	GET	/users/65639acd0b6dee64d0192850/groups	http://localhost:5174
20240412	03:13:49	9fd4b978-9f3f-462e-9795-1e8b19c1a246	GET	/users/65639acd0b6dee64d0192850/656b2ac0e9cd853e0a5f696c	http://localhost:5174
20240412	03:13:52	06917cbc-3eb8-46c4-ab0f-8bd7d72583b7	GET	/users/65639acd0b6dee64d0192850/groups	http://localhost:5174
20240412	03:13:52	4e74cad9-cede-47e3-bceb-748a669c61eb	GET	/users/65639acd0b6dee64d0192850	http://localhost:5174
20240412	03:13:53	5d008a88-bd7c-4938-8016-f50f79b977d0	GET	/users/65639acd0b6dee64d0192850/656b2ac0e9cd853e0a5f696c	http://localhost:5174
20240412	03:31:32	dc5b49b3-c27d-430b-8e45-f11743e02a55	GET	/users/65639acd0b6dee64d0192850	http://localhost:5174
20240412	03:31:32	1d9ef9db-9efd-42ab-b482-6240f02c66d6	GET	/users/65639acd0b6dee64d0192850/groups	http://localhost:5174
20240412	03:31:32	5e119ba3-1f29-43b5-9c9c-4493a4f25621	GET	/users/65639acd0b6dee64d0192850/656b2ac0e9cd853e0a5f696c	http://localhost:5174
20240412	03:31:33	49a1170d-c53d-43cd-b25c-ef5ba0c66c6d	GET	/users/65639acd0b6dee64d0192850	http://localhost:5174
20240412	03:31:33	c37923a2-2211-4aee-ae8b-29ed83852503	GET	/users/65639acd0b6dee64d0192850/656b2ac0e9cd853e0a5f696c	http://localhost:5174
20240412	03:31:33	4cf7eee1-9c7e-4633-980b-591077b7a062	GET	/users/65639acd0b6dee64d0192850/groups	http://localhost:5174
20240412	03:31:33	ef431a2f-bd1e-4340-9f65-66114955325f	GET	/users/65639acd0b6dee64d0192850	http://localhost:5174
20240412	03:31:33	4663442d-6354-4a17-98c4-acd23208d0e4	GET	/users/65639acd0b6dee64d0192850/groups	http://localhost:5174
20240412	03:31:33	1faae052-4186-4a5a-ab2e-9ac97b585e4f	GET	/users/65639acd0b6dee64d0192850/656b2ac0e9cd853e0a5f696c	http://localhost:5174
20240412	03:35:14	002875d6-6da9-4817-aae2-338b78a4aa8f	GET	/users/65639acd0b6dee64d0192850	http://localhost:5174
20240412	03:35:14	7901963a-e169-4dfe-9136-db13932bf5bd	GET	/users/65639acd0b6dee64d0192850/groups	http://localhost:5174
20240412	03:35:14	f41ff38b-b959-45f5-90d3-e5b8c1c3800d	GET	/users/65639acd0b6dee64d0192850	http://localhost:5174
20240412	03:35:14	b09b849d-1af8-48ab-b5ad-b1a2f74c4e5a	GET	/users/65639acd0b6dee64d0192850/groups	http://localhost:5174
20240412	03:35:19	58a6a05c-cb42-415c-8b9a-a7e836eaa24b	GET	/users/65639acd0b6dee64d0192850	http://localhost:5174
20240412	03:35:19	a7fff278-7726-43dd-8074-ce02881cd04d	GET	/users/65639acd0b6dee64d0192850/groups	http://localhost:5174
20240412	03:35:47	d99d36c3-e69f-45bd-b58e-0d23d94baf67	GET	/users/65639acd0b6dee64d0192850	http://localhost:5174
20240412	03:35:47	7b01ed32-d122-4657-a8a1-4cd67ea12f06	GET	/users/65639acd0b6dee64d0192850/656b2ac0e9cd853e0a5f696c	http://localhost:5174
20240412	03:35:47	82304d1c-0f35-43f3-8abb-b060806293f7	GET	/users/65639acd0b6dee64d0192850/groups	http://localhost:5174
20240412	03:36:53	13586986-305f-468d-aeda-4fb36a8ed706	GET	/users/65639acd0b6dee64d0192850	http://localhost:5174
20240412	03:36:53	0a4b4aad-a22f-4a27-bc0b-24e451caa5a3	GET	/users/65639acd0b6dee64d0192850/groups	http://localhost:5174
20240412	03:36:53	d3ba910a-4218-4886-8139-7775a5e7496a	GET	/users/65639acd0b6dee64d0192850/656b2ac0e9cd853e0a5f696c	http://localhost:5174
20240412	03:38:04	9e8d50cd-63cd-4762-b75e-407db5ef4e4a	GET	/users/65639acd0b6dee64d0192850/656b2ac0e9cd853e0a5f696c	http://localhost:5174
20240412	03:38:05	7791f856-80f5-4fbc-b8f5-a2dda4d965fb	GET	/users/65639acd0b6dee64d0192850	http://localhost:5174
20240412	03:38:05	4246ade0-d085-46fb-a7b0-d30c9261bfd9	GET	/users/65639acd0b6dee64d0192850/groups	http://localhost:5174
20240412	03:38:05	ed0b9965-6080-44d8-b6cb-505cf06bdc1b	GET	/users/65639acd0b6dee64d0192850/656b2ac0e9cd853e0a5f696c	http://localhost:5174
20240412	03:38:10	2c7183ed-db4b-4aad-8ff8-56ae93129c13	GET	/users/65639acd0b6dee64d0192850	http://localhost:5174
20240412	03:38:10	be51b18a-78aa-4ff9-a5b3-40d3f5cebb79	GET	/users/65639acd0b6dee64d0192850/groups	http://localhost:5174
20240412	03:38:10	65dd4318-c3ef-4b0a-a534-c7743b8e3e6e	GET	/users/65639acd0b6dee64d0192850/656b2ac0e9cd853e0a5f696c	http://localhost:5174
20240412	03:38:31	f876102e-278a-4d31-bedd-54706c86f19f	GET	/users/65639acd0b6dee64d0192850	http://localhost:5174
20240412	03:38:31	f1da62a8-48e6-41be-882f-19f059098818	GET	/users/65639acd0b6dee64d0192850/groups	http://localhost:5174
20240412	03:38:43	cf6971c8-9220-4748-a8bc-778bc7f68ce6	GET	/users/65639acd0b6dee64d0192850	http://localhost:5174
20240412	03:38:43	6c44e77b-bae9-4f74-9661-0dcdd396ffd8	GET	/users/65639acd0b6dee64d0192850/groups	http://localhost:5174
20240412	03:38:43	32cc0585-eedb-4c42-9fda-40a9fe8ee5c5	GET	/users/65639acd0b6dee64d0192850/656b2ac0e9cd853e0a5f696c	http://localhost:5174
20240412	03:38:57	53d041fc-4aef-403f-912e-e7d257d440c8	GET	/users/65639acd0b6dee64d0192850/656b2ac0e9cd853e0a5f696c	http://localhost:5174
20240412	03:38:59	6f69c577-89cd-430b-90a0-f3f90a0cccd6	GET	/users/65639acd0b6dee64d0192850	http://localhost:5174
20240412	03:38:59	866a0915-b3a5-42ea-9f57-443636ae46f9	GET	/users/65639acd0b6dee64d0192850/groups	http://localhost:5174
20240412	03:38:59	1a040b13-5086-45cf-8d41-906dcb239ea3	GET	/users/65639acd0b6dee64d0192850/656b2ac0e9cd853e0a5f696c	http://localhost:5174
20240412	03:39:04	1c101763-f492-4ffd-b69e-1ecb259a396e	GET	/users/65639acd0b6dee64d0192850/	undefined
20240412	03:39:09	a6a6352b-7c05-402b-ad1e-2d234b7e9122	GET	/users/65639acd0b6dee64d0192850/groups	undefined
20240412	03:39:14	4d570ba0-f59d-4430-9b4c-ce4870e60e46	GET	/users/65639acd0b6dee64d0192850	http://localhost:5174
20240412	03:39:14	4127861b-9167-46a9-b6b4-ef9cb3b41e9a	GET	/users/65639acd0b6dee64d0192850/groups	http://localhost:5174
20240412	03:39:14	7210a6e9-4b8b-47e4-9225-cab351321fac	GET	/users/65639acd0b6dee64d0192850/656b2ac0e9cd853e0a5f696c	http://localhost:5174
20240412	03:39:17	46b91f3b-92b2-4a88-a0e6-196d8a91e260	GET	/users/65639acd0b6dee64d0192850	http://localhost:5174
20240412	03:39:17	929ff256-60d8-4deb-b7b2-1a77d290b2e4	GET	/users/65639acd0b6dee64d0192850/groups	http://localhost:5174
20240412	03:39:17	be418c54-00d9-46a4-b558-50234a88d95c	GET	/users/65639acd0b6dee64d0192850/656b3a7e92154340e3e49d39	http://localhost:5174
20240412	03:40:44	95d45a05-41f7-440b-ace2-5453904610cb	GET	/users/65639acd0b6dee64d0192850	http://localhost:5174
20240412	03:40:44	70f82dfd-05d1-4b07-9ea7-2b11821e7ace	GET	/users/65639acd0b6dee64d0192850/groups	http://localhost:5174
20240412	03:40:44	9b07c760-2989-43a8-acd6-88bddb06450a	GET	/users/65639acd0b6dee64d0192850/groups	http://localhost:5174
20240412	03:40:44	168a420a-696c-4741-a75d-9948d067d9fd	GET	/users/65639acd0b6dee64d0192850	http://localhost:5174
20240412	03:40:46	ff10d9eb-7d53-4f60-9eb1-ddeefe3c39a5	GET	/users/65639acd0b6dee64d0192850	http://localhost:5174
20240412	03:40:46	b3546253-c218-4c5e-8414-ad95bccaeb27	GET	/users/65639acd0b6dee64d0192850/groups	http://localhost:5174
20240412	03:40:46	4a0815db-7b4b-4b22-9cb0-a8fe3a71269d	GET	/users/65639acd0b6dee64d0192850/656b3a7e92154340e3e49d39	http://localhost:5174
20240412	03:40:51	1ab13a9b-40e8-414d-b5eb-bb617cd13007	GET	/users/65639acd0b6dee64d0192850/656b3b3f92154340e3e49d6d	http://localhost:5174
20240412	03:40:53	b4f04a71-92fb-4210-9d9c-ba234b79866c	GET	/users/65639acd0b6dee64d0192850/656b6db992154340e3e4a920	http://localhost:5174
20240412	03:40:55	bac5b0d5-e1dc-4da9-b28f-21c3be15a63f	GET	/users/65639acd0b6dee64d0192850/656c617511f88dd7c36df8d0	http://localhost:5174
20240412	03:40:58	3e62ed11-7254-4aa5-aafa-28a8721576aa	GET	/users/65639acd0b6dee64d0192850/656b6db992154340e3e4a920	http://localhost:5174
20240412	03:40:59	58564ae1-c60b-42a9-9bbe-86c495e5b8a3	GET	/users/65639acd0b6dee64d0192850/656b3b3f92154340e3e49d6d	http://localhost:5174
20240412	03:41:00	9f683925-e37d-41a1-b22d-2680224e26c4	GET	/users/65639acd0b6dee64d0192850/656b3a7e92154340e3e49d39	http://localhost:5174
20240412	03:41:01	1f36ceb3-8952-472a-badd-065db61a9a12	GET	/users/65639acd0b6dee64d0192850/656b384292154340e3e49d0c	http://localhost:5174
20240412	03:41:02	219d6a05-bdb0-4754-ac6c-753012dd5867	GET	/users/65639acd0b6dee64d0192850/656b2ac0e9cd853e0a5f696c	http://localhost:5174
20240412	03:41:04	f0cd2d78-ed12-478f-887f-2022c10465f6	GET	/users/65639acd0b6dee64d0192850/656b384292154340e3e49d0c	http://localhost:5174
20240412	03:41:05	f32dc66b-c212-4110-9805-6ea58fb86486	GET	/users/65639acd0b6dee64d0192850/656b2ac0e9cd853e0a5f696c	http://localhost:5174
20240412	03:41:05	d1ab0367-c872-489c-872c-3f2e33dac86d	GET	/users/65639acd0b6dee64d0192850/656b384292154340e3e49d0c	http://localhost:5174
20240412	03:41:06	12590c22-ecfc-4092-b8a0-62a996954840	GET	/users/65639acd0b6dee64d0192850/656b3a7e92154340e3e49d39	http://localhost:5174
20240412	03:41:06	9e23b778-4a6d-4a79-a57b-296d7de3d1dd	GET	/users/65639acd0b6dee64d0192850/656b3b3f92154340e3e49d6d	http://localhost:5174
20240412	03:41:07	04104802-495b-4a3e-b3bc-159f300d20e5	GET	/users/65639acd0b6dee64d0192850/656b6db992154340e3e4a920	http://localhost:5174
20240412	03:42:06	c35b6cc3-1627-4a8c-a304-5556f30f46c4	GET	/users/65639acd0b6dee64d0192850/groups/65639acd0b6dee64d0192851	undefined
20240412	03:42:22	6995d0f6-45e9-4140-b229-ac1c7c31b4ca	GET	/users/65639acd0b6dee64d0192850	http://localhost:5174
20240412	03:42:22	7055fa5a-c391-4ca0-87f3-5c28188e6f33	GET	/users/65639acd0b6dee64d0192850/groups	http://localhost:5174
20240412	03:42:22	f802040b-4214-4578-b51e-203f921a2f03	GET	/users/65639acd0b6dee64d0192850/groups	http://localhost:5174
20240412	03:42:22	e056a9ed-225e-416c-bd66-5261acb5cca5	GET	/users/65639acd0b6dee64d0192850	http://localhost:5174
20240412	03:42:24	86ebd5ea-1b5e-468f-a328-64f9d7d9bd28	GET	/users/65639acd0b6dee64d0192850	http://localhost:5174
20240412	03:42:24	371e8d29-9009-48f6-bd9e-70974d3b06ca	GET	/users/65639acd0b6dee64d0192850/groups	http://localhost:5174
20240412	03:42:24	7f85abc6-ec97-4661-929b-7fb334013491	GET	/users/65639acd0b6dee64d0192850/656b6db992154340e3e4a920	http://localhost:5174
20240412	03:42:27	0f139e3e-0769-445b-83cc-83b800b90fef	GET	/users/65639acd0b6dee64d0192850/656b2ac0e9cd853e0a5f696c	http://localhost:5174
20240412	03:42:28	3f742b0d-37b8-468e-a410-076e4b9011bb	GET	/users/65639acd0b6dee64d0192850/656b384292154340e3e49d0c	http://localhost:5174
20240412	03:42:29	49347cad-cf27-450c-81de-3b7b7fe715bf	GET	/users/65639acd0b6dee64d0192850/656b3a7e92154340e3e49d39	http://localhost:5174
20240412	03:42:30	ded7bc3a-b230-43d6-b021-3a54656ee9c1	GET	/users/65639acd0b6dee64d0192850/656b6db992154340e3e4a920	http://localhost:5174
20240412	03:43:28	a385eac5-7b4c-480b-8df1-a205fb10afa2	GET	/users/65639acd0b6dee64d0192850	http://localhost:5174
20240412	03:43:28	de083136-3190-481d-b90a-5cc00299919c	GET	/users/65639acd0b6dee64d0192850/groups	http://localhost:5174
20240412	03:43:28	704ff685-febe-431b-a313-3fd9615dd0dd	GET	/users/65639acd0b6dee64d0192850	http://localhost:5174
20240412	03:43:28	ac98cce6-4280-4799-b503-3c6e28d1776e	GET	/users/65639acd0b6dee64d0192850/groups	http://localhost:5174
20240412	03:43:36	510ce438-9d0b-4fed-80af-29407a72a81f	GET	/users/65639acd0b6dee64d0192850/656b6db992154340e3e4a920	http://localhost:5174
20240412	03:43:40	487730c9-23ca-476c-8cfe-f34193447189	GET	/users/65639acd0b6dee64d0192850/656b3a7e92154340e3e49d39	http://localhost:5174
